#! /usr/local/bin/vvp
:ivl_version "11.0 (devel)" "(s20150603-475-g917d754)";
:ivl_delay_selection "TYPICAL";
:vpi_time_precision - 9;
:vpi_module "system";
:vpi_module "vhdl_sys";
:vpi_module "vhdl_textio";
:vpi_module "v2005_math";
:vpi_module "va_math";
S_0x1751890 .scope module, "alu" "alu" 2 6;
 .timescale -6 -9;
    .port_info 0 /INPUT 1 "Reset"
    .port_info 1 /INPUT 4 "A"
    .port_info 2 /INPUT 4 "B"
    .port_info 3 /INPUT 2 "OP"
    .port_info 4 /OUTPUT 5 "C"
o0x7f52ed891018 .functor BUFZ 4, C4<zzzz>; HiZ drive
v0x1751ac0_0 .net "A", 3 0, o0x7f52ed891018;  0 drivers
o0x7f52ed891048 .functor BUFZ 4, C4<zzzz>; HiZ drive
v0x17aa5e0_0 .net "B", 3 0, o0x7f52ed891048;  0 drivers
v0x17aa6c0_0 .var "C", 4 0;
o0x7f52ed8910a8 .functor BUFZ 2, C4<zz>; HiZ drive
v0x17aa7b0_0 .net "OP", 1 0, o0x7f52ed8910a8;  0 drivers
o0x7f52ed8910d8 .functor BUFZ 1, C4<z>; HiZ drive
v0x17aa890_0 .net "Reset", 0 0, o0x7f52ed8910d8;  0 drivers
E_0x17889e0 .event edge, v0x17aa5e0_0, v0x1751ac0_0, v0x17aa890_0;
    .scope S_0x1751890;
T_0 ;
    %wait E_0x17889e0;
    %load/vec4 v0x17aa890_0;
    %flag_set/vec4 8;
    %jmp/0xz  T_0.0, 8;
    %pushi/vec4 0, 0, 5;
    %assign/vec4 v0x17aa6c0_0, 0;
    %jmp T_0.1;
T_0.0 ;
    %load/vec4 v0x1751ac0_0;
    %pad/u 5;
    %load/vec4 v0x17aa5e0_0;
    %pad/u 5;
    %add;
    %assign/vec4 v0x17aa6c0_0, 0;
T_0.1 ;
    %jmp T_0;
    .thread T_0, $push;
# The file index is used to find the file name in the following table.
:file_names 3;
    "N/A";
    "<interactive>";
    "alu.sv";
